0 info it worked if it ends with ok
1 verbose cli [ 'C:\\Program Files\\nodejs\\node.exe',
1 verbose cli   'C:\\Program Files\\nodejs\\node_modules\\npm\\bin\\npm-cli.js',
1 verbose cli   'start' ]
2 info using npm@3.10.3
3 info using node@v6.3.1
4 verbose run-script [ 'prestart', 'start', 'poststart' ]
5 info lifecycle vuestart@1.0.0~prestart: vuestart@1.0.0
6 silly lifecycle vuestart@1.0.0~prestart: no script for prestart, continuing
7 info lifecycle vuestart@1.0.0~start: vuestart@1.0.0
8 verbose lifecycle vuestart@1.0.0~start: unsafe-perm in lifecycle true
9 verbose lifecycle vuestart@1.0.0~start: PATH: C:\Program Files\nodejs\node_modules\npm\bin\node-gyp-bin;e:\study\vue2\node_modules\.bin;C:\Program Files\nodejs;C:\Users\greedy\AppData\Roaming\npm;C:\Windows\System32;C:\Program Files (x86)\Java\jdk1.8.0_66\bin;C:\Program Files (x86)\Java\jdk1.8.0_66\jre\bin;C:\ant\apache-ant-1.9.6\bin;E:\adt-bundle-windows-x86_64-20131030\sdk\tools;E:\adt-bundle-windows-x86_64-20131030\sdk\platform-tools;C:\Program Files (x86)\Microsoft SQL Server\100\Tools\Binn\;C:\Program Files\Microsoft SQL Server\100\Tools\Binn\;C:\Program Files\Microsoft SQL Server\100\DTS\Binn\;C:\Program Files (x86)\Microsoft SQL Server\100\Tools\Binn\VSShell\Common7\IDE\;C:\Program Files (x86)\Microsoft Visual Studio 9.0\Common7\IDE\PrivateAssemblies\;C:\Program Files (x86)\Microsoft SQL Server\100\DTS\Binn\;C:\WINDOWS\system32;C:\WINDOWS;C:\WINDOWS\System32\Wbem;C:\WINDOWS\System32\WindowsPowerShell\v1.0\;C:\Program Files\nodejs\;C:\Ruby22\bin;D:\软件\Microsoft VS Code\bin;C:\Users\greedy\AppData\Roaming\npm
10 verbose lifecycle vuestart@1.0.0~start: CWD: e:\study\vue2
11 silly lifecycle vuestart@1.0.0~start: Args: [ '/d /s /c', 'webpack-dev-server --inline' ]
12 silly lifecycle vuestart@1.0.0~start: Returned: code: 1  signal: null
13 info lifecycle vuestart@1.0.0~start: Failed to exec start script
14 verbose stack Error: vuestart@1.0.0 start: `webpack-dev-server --inline`
14 verbose stack Exit status 1
14 verbose stack     at EventEmitter.<anonymous> (C:\Program Files\nodejs\node_modules\npm\lib\utils\lifecycle.js:242:16)
14 verbose stack     at emitTwo (events.js:106:13)
14 verbose stack     at EventEmitter.emit (events.js:191:7)
14 verbose stack     at ChildProcess.<anonymous> (C:\Program Files\nodejs\node_modules\npm\lib\utils\spawn.js:40:14)
14 verbose stack     at emitTwo (events.js:106:13)
14 verbose stack     at ChildProcess.emit (events.js:191:7)
14 verbose stack     at maybeClose (internal/child_process.js:852:16)
14 verbose stack     at Process.ChildProcess._handle.onexit (internal/child_process.js:215:5)
15 verbose pkgid vuestart@1.0.0
16 verbose cwd e:\study\vue2
17 error Windows_NT 10.0.10586
18 error argv "C:\\Program Files\\nodejs\\node.exe" "C:\\Program Files\\nodejs\\node_modules\\npm\\bin\\npm-cli.js" "start"
19 error node v6.3.1
20 error npm  v3.10.3
21 error code ELIFECYCLE
22 error vuestart@1.0.0 start: `webpack-dev-server --inline`
22 error Exit status 1
23 error Failed at the vuestart@1.0.0 start script 'webpack-dev-server --inline'.
23 error Make sure you have the latest version of node.js and npm installed.
23 error If you do, this is most likely a problem with the vuestart package,
23 error not with npm itself.
23 error Tell the author that this fails on your system:
23 error     webpack-dev-server --inline
23 error You can get information on how to open an issue for this project with:
23 error     npm bugs vuestart
23 error Or if that isn't available, you can get their info via:
23 error     npm owner ls vuestart
23 error There is likely additional logging output above.
24 verbose exit [ 1, true ]
